<?xml version="1.0" encoding="UTF-8"?>
<testng-results skipped="0" failed="1" ignored="0" total="4" passed="3">
  <reporter-output>
  </reporter-output>
  <suite name="Default suite" duration-ms="172" started-at="2023-10-04T23:18:49 IST" finished-at="2023-10-04T23:18:49 IST">
    <groups>
    </groups>
    <test name="Default test" duration-ms="172" started-at="2023-10-04T23:18:49 IST" finished-at="2023-10-04T23:18:49 IST">
      <class name="TestNGFeatures.TestNDemo2">
        <test-method status="PASS" signature="tc_3()[pri:0, instance:TestNGFeatures.TestNDemo2@2db7a79b]" name="tc_3" duration-ms="22" started-at="2023-10-04T23:18:49 IST" finished-at="2023-10-04T23:18:49 IST">
          <reporter-output>
          </reporter-output>
        </test-method> <!-- tc_3 -->
        <test-method status="FAIL" signature="tc_2()[pri:1, instance:TestNGFeatures.TestNDemo2@2db7a79b]" name="tc_2" duration-ms="11" started-at="2023-10-04T23:18:49 IST" finished-at="2023-10-04T23:18:49 IST">
          <exception class="java.lang.AssertionError">
            <message>
              <![CDATA[expected [10] but found [12]]]>
            </message>
            <full-stacktrace>
              <![CDATA[java.lang.AssertionError: expected [10] but found [12]
at org.testng.Assert.fail(Assert.java:99)
at org.testng.Assert.failNotEquals(Assert.java:1037)
at org.testng.Assert.assertEqualsImpl(Assert.java:140)
at org.testng.Assert.assertEquals(Assert.java:122)
at org.testng.Assert.assertEquals(Assert.java:907)
at org.testng.Assert.assertEquals(Assert.java:917)
at TestNGFeatures.TestNDemo2.tc_2(TestNDemo2.java:18)
at sun.reflect.NativeMethodAccessorImpl.invoke0(Native Method)
at sun.reflect.NativeMethodAccessorImpl.invoke(Unknown Source)
at sun.reflect.DelegatingMethodAccessorImpl.invoke(Unknown Source)
at java.lang.reflect.Method.invoke(Unknown Source)
at org.testng.internal.MethodInvocationHelper.invokeMethod(MethodInvocationHelper.java:133)
at org.testng.internal.TestInvoker.invokeMethod(TestInvoker.java:598)
at org.testng.internal.TestInvoker.invokeTestMethod(TestInvoker.java:173)
at org.testng.internal.MethodRunner.runInSequence(MethodRunner.java:46)
at org.testng.internal.TestInvoker$MethodInvocationAgent.invoke(TestInvoker.java:824)
at org.testng.internal.TestInvoker.invokeTestMethods(TestInvoker.java:146)
at org.testng.internal.TestMethodWorker.invokeTestMethods(TestMethodWorker.java:146)
at org.testng.internal.TestMethodWorker.run(TestMethodWorker.java:128)
at java.util.ArrayList.forEach(Unknown Source)
at org.testng.TestRunner.privateRun(TestRunner.java:794)
at org.testng.TestRunner.run(TestRunner.java:596)
at org.testng.SuiteRunner.runTest(SuiteRunner.java:377)
at org.testng.SuiteRunner.runSequentially(SuiteRunner.java:371)
at org.testng.SuiteRunner.privateRun(SuiteRunner.java:332)
at org.testng.SuiteRunner.run(SuiteRunner.java:276)
at org.testng.SuiteRunnerWorker.runSuite(SuiteRunnerWorker.java:53)
at org.testng.SuiteRunnerWorker.run(SuiteRunnerWorker.java:96)
at org.testng.TestNG.runSuitesSequentially(TestNG.java:1212)
at org.testng.TestNG.runSuitesLocally(TestNG.java:1134)
at org.testng.TestNG.runSuites(TestNG.java:1063)
at org.testng.TestNG.run(TestNG.java:1031)
at org.testng.remote.AbstractRemoteTestNG.run(AbstractRemoteTestNG.java:115)
at org.testng.remote.RemoteTestNG.initAndRun(RemoteTestNG.java:251)
at org.testng.remote.RemoteTestNG.main(RemoteTestNG.java:77)
]]>
            </full-stacktrace>
          </exception> <!-- java.lang.AssertionError -->
          <reporter-output>
          </reporter-output>
        </test-method> <!-- tc_2 -->
        <test-method status="PASS" signature="tc_4()[pri:2, instance:TestNGFeatures.TestNDemo2@2db7a79b]" name="tc_4" duration-ms="3" started-at="2023-10-04T23:18:49 IST" finished-at="2023-10-04T23:18:49 IST">
          <reporter-output>
          </reporter-output>
        </test-method> <!-- tc_4 -->
        <test-method status="PASS" signature="tc_1()[pri:3, instance:TestNGFeatures.TestNDemo2@2db7a79b]" name="tc_1" duration-ms="3" started-at="2023-10-04T23:18:49 IST" finished-at="2023-10-04T23:18:49 IST">
          <reporter-output>
          </reporter-output>
        </test-method> <!-- tc_1 -->
      </class> <!-- TestNGFeatures.TestNDemo2 -->
    </test> <!-- Default test -->
  </suite> <!-- Default suite -->
</testng-results>
